[debug] [2022-10-09T03:59:54.745Z] ----------------------------------------------------------------------
[debug] [2022-10-09T03:59:54.748Z] Command:       C:\Program Files\nodejs\node.exe C:\Users\Shahe\AppData\Roaming\npm\node_modules\firebase-tools\lib\bin\firebase.js init
[debug] [2022-10-09T03:59:54.749Z] CLI Version:   11.14.1
[debug] [2022-10-09T03:59:54.749Z] Platform:      win32
[debug] [2022-10-09T03:59:54.749Z] Node Version:  v16.17.0
[debug] [2022-10-09T03:59:54.751Z] Time:          Sun Oct 09 2022 06:59:54 GMT+0300 (Arabian Standard Time)
[debug] [2022-10-09T03:59:54.751Z] ----------------------------------------------------------------------
[debug] 
[debug] [2022-10-09T03:59:54.757Z] >>> [apiv2][query] GET https://firebase-public.firebaseio.com/cli.json [none]
[debug] [2022-10-09T03:59:54.798Z] > command requires scopes: ["email","openid","https://www.googleapis.com/auth/cloudplatformprojects.readonly","https://www.googleapis.com/auth/firebase","https://www.googleapis.com/auth/cloud-platform"]
[debug] [2022-10-09T03:59:54.799Z] > authorizing via signed-in user (shosho2009r@gmail.com)
[info] 
     ######## #### ########  ######## ########     ###     ######  ########
     ##        ##  ##     ## ##       ##     ##  ##   ##  ##       ##
     ######    ##  ########  ######   ########  #########  ######  ######
     ##        ##  ##    ##  ##       ##     ## ##     ##       ## ##
     ##       #### ##     ## ######## ########  ##     ##  ######  ########

You're about to initialize a Firebase project in this directory:

  C:\Users\Shahe\OneDrive\Desktop\web app

[debug] [2022-10-09T03:59:55.658Z] <<< [apiv2][status] GET https://firebase-public.firebaseio.com/cli.json 200
[debug] [2022-10-09T03:59:55.658Z] <<< [apiv2][body] GET https://firebase-public.firebaseio.com/cli.json {"cloudBuildErrorAfter":1594252800000,"cloudBuildWarnAfter":1590019200000,"defaultNode10After":1594252800000,"minVersion":"3.0.5","node8DeploysDisabledAfter":1613390400000,"node8RuntimeDisabledAfter":1615809600000,"node8WarnAfter":1600128000000}
